<?xml version="1.0" encoding="UTF-8"?>
<!-- Generated by org.testng.reporters.JUnitXMLReporter -->
<testsuite hostname="DESKTOP-HNAEA5M" ignored="0" name="AutomationTest" tests="1" failures="1" timestamp="05 Jul 2017 03:45:14 GMT" time="7.023" errors="0">
  <testcase name="testWBT" time="0.797" classname="script.WBT">
    <failure type="java.lang.AssertionError" message="null">
      <![CDATA[java.lang.AssertionError: null
	at script.WBT.testWBT(WBT.java:29)
... Removed 27 stack frames]]>
    </failure>
  </testcase> <!-- testWBT -->
</testsuite> <!-- AutomationTest -->
