<?xml version="1.0" encoding="UTF-8"?>
<!-- Generated by org.testng.reporters.JUnitXMLReporter -->
<testsuite hostname="DESKTOP-HNAEA5M" ignored="0" name="TestChrome" tests="1" failures="1" timestamp="06 Jul 2017 02:34:30 GMT" time="7.345" errors="0">
  <testcase name="testWBT" time="0.817" classname="script.WBT">
    <failure type="java.lang.AssertionError" message="null">
      <![CDATA[java.lang.AssertionError: null
	at script.WBT.testWBT(WBT.java:29)
... Removed 27 stack frames]]>
    </failure>
  </testcase> <!-- testWBT -->
</testsuite> <!-- TestChrome -->
